2019-09-24 21:29:05,982  INFO [main] nopCommerceSDET:33 - ************* Launching Browser *****************
2019-09-24 21:29:06,013  INFO [main] nopCommerceSDET:39 - ************* Opening URL  *****************
2019-09-24 21:29:09,761  INFO [main] nopCommerceSDET:46 - ************* Prvding user and password *****************
2019-09-24 21:29:10,175  INFO [main] nopCommerceSDET:53 - ************* click on login *****************
2019-09-24 21:29:17,120  INFO [main] nopCommerceSDET:94 - ********* Verifying Dashboad page title after login successful **************
2019-09-24 21:29:20,155  INFO [main] nopCommerceSDET:101 - ********* Clicking on customer main menu **************
2019-09-24 21:29:22,294  INFO [main] nopCommerceSDET:108 - ********* Clicking on customer sub menu **************
2019-09-24 21:29:34,916  INFO [main] nopCommerceSDET:145 - ********* Saving customer details **************
2019-09-24 21:29:39,107  INFO [main] nopCommerceSDET:84 - ************* cloding browser *****************
2019-09-24 21:29:42,151  INFO [main] nopCommerceSDET:33 - ************* Launching Browser *****************
2019-09-24 21:29:42,153  INFO [main] nopCommerceSDET:39 - ************* Opening URL  *****************
2019-09-24 21:29:44,922  INFO [main] nopCommerceSDET:46 - ************* Prvding user and password *****************
2019-09-24 21:29:45,318  INFO [main] nopCommerceSDET:53 - ************* click on login *****************
2019-09-24 21:29:51,379  INFO [main] nopCommerceSDET:94 - ********* Verifying Dashboad page title after login successful **************
2019-09-24 21:29:54,412  INFO [main] nopCommerceSDET:101 - ********* Clicking on customer main menu **************
2019-09-24 21:29:56,514  INFO [main] nopCommerceSDET:108 - ********* Clicking on customer sub menu **************
2019-09-24 21:29:57,856  INFO [main] nopCommerceSDET:160 - ********* Searching customer details by Email **************
2019-09-24 21:30:01,568  INFO [main] nopCommerceSDET:84 - ************* cloding browser *****************
2019-09-24 21:30:04,727  INFO [main] nopCommerceSDET:33 - ************* Launching Browser *****************
2019-09-24 21:30:04,730  INFO [main] nopCommerceSDET:39 - ************* Opening URL  *****************
2019-09-24 21:30:07,464  INFO [main] nopCommerceSDET:46 - ************* Prvding user and password *****************
2019-09-24 21:30:07,916  INFO [main] nopCommerceSDET:53 - ************* click on login *****************
2019-09-24 21:30:14,057  INFO [main] nopCommerceSDET:68 - ************* Login Passed *****************
2019-09-24 21:30:17,072  INFO [main] nopCommerceSDET:77 - ************* clciking on logout *****************
2019-09-24 21:30:21,708  INFO [main] nopCommerceSDET:68 - ************* Login Passed *****************
2019-09-24 21:30:24,719  INFO [main] nopCommerceSDET:84 - ************* cloding browser *****************
2019-09-24 21:43:04,275  INFO [main] nopCommerceSDET:62 - ************* Launching Browser *****************
2019-09-24 21:43:04,388  INFO [main] nopCommerceSDET:68 - ************* Opening URL  *****************
2019-09-24 21:43:07,442  INFO [main] nopCommerceSDET:75 - ************* Prvding user and password *****************
2019-09-24 21:43:07,629  INFO [main] nopCommerceSDET:82 - ************* click on login *****************
2019-09-24 21:43:15,948  INFO [main] nopCommerceSDET:123 - ********* Verifying Dashboad page title after login successful **************
2019-09-24 21:43:18,970  INFO [main] nopCommerceSDET:130 - ********* Clicking on customer main menu **************
2019-09-24 21:43:21,240  INFO [main] nopCommerceSDET:137 - ********* Clicking on customer sub menu **************
2019-09-24 21:43:36,019  INFO [main] nopCommerceSDET:174 - ********* Saving customer details **************
2019-09-24 21:43:41,304  INFO [main] nopCommerceSDET:113 - ************* cloding browser *****************
2019-09-24 21:43:51,860  INFO [main] nopCommerceSDET:62 - ************* Launching Browser *****************
2019-09-24 21:43:51,863  INFO [main] nopCommerceSDET:68 - ************* Opening URL  *****************
2019-09-24 21:43:55,183  INFO [main] nopCommerceSDET:75 - ************* Prvding user and password *****************
2019-09-24 21:43:55,423  INFO [main] nopCommerceSDET:82 - ************* click on login *****************
2019-09-24 21:44:08,100  INFO [main] nopCommerceSDET:123 - ********* Verifying Dashboad page title after login successful **************
2019-09-24 21:44:11,119  INFO [main] nopCommerceSDET:130 - ********* Clicking on customer main menu **************
2019-09-24 21:44:13,411  INFO [main] nopCommerceSDET:137 - ********* Clicking on customer sub menu **************
2019-09-24 21:44:15,250  INFO [main] nopCommerceSDET:189 - ********* Searching customer details by Email **************
2019-09-24 21:44:19,031  INFO [main] nopCommerceSDET:113 - ************* cloding browser *****************
2019-09-24 21:44:26,264  INFO [main] nopCommerceSDET:62 - ************* Launching Browser *****************
2019-09-24 21:44:26,275  INFO [main] nopCommerceSDET:68 - ************* Opening URL  *****************
2019-09-24 21:44:28,285  INFO [main] nopCommerceSDET:75 - ************* Prvding user and password *****************
2019-09-24 21:44:28,498  INFO [main] nopCommerceSDET:82 - ************* click on login *****************
2019-09-24 21:44:34,533  INFO [main] nopCommerceSDET:97 - ************* Login Passed *****************
2019-09-24 21:44:37,546  INFO [main] nopCommerceSDET:106 - ************* clciking on logout *****************
2019-09-24 21:44:42,088  INFO [main] nopCommerceSDET:97 - ************* Login Passed *****************
2019-09-24 21:44:45,098  INFO [main] nopCommerceSDET:113 - ************* cloding browser *****************
2019-09-24 21:53:34,775  INFO [main] nopCommerceSDET:62 - ************* Launching Browser *****************
2019-09-24 21:53:34,953  INFO [main] nopCommerceSDET:68 - ************* Opening URL  *****************
2019-09-24 21:53:38,470  INFO [main] nopCommerceSDET:75 - ************* Prvding user and password *****************
2019-09-24 21:53:38,747  INFO [main] nopCommerceSDET:82 - ************* click on login *****************
2019-09-24 21:53:46,860  INFO [main] nopCommerceSDET:123 - ********* Verifying Dashboad page title after login successful **************
2019-09-24 21:53:49,879  INFO [main] nopCommerceSDET:130 - ********* Clicking on customer main menu **************
2019-09-24 21:53:52,158  INFO [main] nopCommerceSDET:137 - ********* Clicking on customer sub menu **************
2019-09-24 21:54:05,797  INFO [main] nopCommerceSDET:174 - ********* Saving customer details **************
2019-09-24 21:54:11,194  INFO [main] nopCommerceSDET:113 - ************* cloding browser *****************
2019-09-24 21:54:19,851  INFO [main] nopCommerceSDET:62 - ************* Launching Browser *****************
2019-09-24 21:54:19,854  INFO [main] nopCommerceSDET:68 - ************* Opening URL  *****************
2019-09-24 21:54:22,091  INFO [main] nopCommerceSDET:75 - ************* Prvding user and password *****************
2019-09-24 21:54:22,275  INFO [main] nopCommerceSDET:82 - ************* click on login *****************
2019-09-24 21:54:27,912  INFO [main] nopCommerceSDET:97 - ************* Login Passed *****************
2019-09-24 21:54:30,927  INFO [main] nopCommerceSDET:106 - ************* clciking on logout *****************
2019-09-24 21:54:35,514  INFO [main] nopCommerceSDET:97 - ************* Login Passed *****************
2019-09-24 21:54:38,525  INFO [main] nopCommerceSDET:113 - ************* cloding browser *****************
2019-09-24 21:57:25,321  INFO [main] nopCommerceSDET:62 - ************* Launching Browser *****************
2019-09-24 21:57:25,386  INFO [main] nopCommerceSDET:68 - ************* Opening URL  *****************
2019-09-24 21:57:29,100  INFO [main] nopCommerceSDET:75 - ************* Prvding user and password *****************
2019-09-24 21:57:29,556  INFO [main] nopCommerceSDET:82 - ************* click on login *****************
2019-09-24 21:57:36,132  INFO [main] nopCommerceSDET:123 - ********* Verifying Dashboad page title after login successful **************
2019-09-24 21:57:39,161  INFO [main] nopCommerceSDET:130 - ********* Clicking on customer main menu **************
2019-09-24 21:57:41,302  INFO [main] nopCommerceSDET:137 - ********* Clicking on customer sub menu **************
2019-09-24 21:57:55,252  INFO [main] nopCommerceSDET:174 - ********* Saving customer details **************
2019-09-24 21:57:59,807  INFO [main] nopCommerceSDET:113 - ************* cloding browser *****************
2019-09-24 21:58:03,099  INFO [main] nopCommerceSDET:62 - ************* Launching Browser *****************
2019-09-24 21:58:03,103  INFO [main] nopCommerceSDET:68 - ************* Opening URL  *****************
2019-09-24 21:58:05,783  INFO [main] nopCommerceSDET:75 - ************* Prvding user and password *****************
2019-09-24 21:58:06,162  INFO [main] nopCommerceSDET:82 - ************* click on login *****************
2019-09-24 21:58:10,970  INFO [main] nopCommerceSDET:97 - ************* Login Passed *****************
2019-09-24 21:58:14,058  INFO [main] nopCommerceSDET:106 - ************* clciking on logout *****************
2019-09-24 21:58:18,564  INFO [main] nopCommerceSDET:97 - ************* Login Passed *****************
2019-09-24 21:58:21,580  INFO [main] nopCommerceSDET:113 - ************* cloding browser *****************
2019-09-24 22:00:00,634  INFO [main] nopCommerceSDET:62 - ************* Launching Browser *****************
2019-09-24 22:00:00,743  INFO [main] nopCommerceSDET:68 - ************* Opening URL  *****************
2019-09-24 22:00:06,151  INFO [main] nopCommerceSDET:75 - ************* Prvding user and password *****************
2019-09-24 22:00:06,603  INFO [main] nopCommerceSDET:82 - ************* click on login *****************
2019-09-24 22:00:29,387  INFO [main] nopCommerceSDET:123 - ********* Verifying Dashboad page title after login successful **************
2019-09-24 22:00:32,518  INFO [main] nopCommerceSDET:130 - ********* Clicking on customer main menu **************
2019-09-24 22:00:34,702  INFO [main] nopCommerceSDET:137 - ********* Clicking on customer sub menu **************
2019-09-24 22:00:50,194  INFO [main] nopCommerceSDET:174 - ********* Saving customer details **************
2019-09-24 22:00:55,005  INFO [main] nopCommerceSDET:113 - ************* cloding browser *****************
2019-09-24 22:00:58,326  INFO [main] nopCommerceSDET:62 - ************* Launching Browser *****************
2019-09-24 22:00:58,327  INFO [main] nopCommerceSDET:68 - ************* Opening URL  *****************
2019-09-24 22:01:02,171  INFO [main] nopCommerceSDET:75 - ************* Prvding user and password *****************
2019-09-24 22:01:02,615  INFO [main] nopCommerceSDET:82 - ************* click on login *****************
2019-09-24 22:01:10,604  INFO [main] nopCommerceSDET:97 - ************* Login Passed *****************
2019-09-24 22:01:13,696  INFO [main] nopCommerceSDET:106 - ************* clciking on logout *****************
2019-09-24 22:01:19,540  INFO [main] nopCommerceSDET:97 - ************* Login Passed *****************
2019-09-24 22:01:22,560  INFO [main] nopCommerceSDET:113 - ************* cloding browser *****************
2019-09-24 22:06:50,066  INFO [main] nopCommerceSDET:62 - ************* Launching Browser *****************
2019-09-24 22:06:50,120  INFO [main] nopCommerceSDET:68 - ************* Opening URL  *****************
2019-09-24 22:06:54,835  INFO [main] nopCommerceSDET:75 - ************* Prvding user and password *****************
2019-09-24 22:06:55,272  INFO [main] nopCommerceSDET:82 - ************* click on login *****************
2019-09-24 22:07:02,089  INFO [main] nopCommerceSDET:123 - ********* Verifying Dashboad page title after login successful **************
2019-09-24 22:07:05,112  INFO [main] nopCommerceSDET:130 - ********* Clicking on customer main menu **************
2019-09-24 22:07:07,213  INFO [main] nopCommerceSDET:137 - ********* Clicking on customer sub menu **************
2019-09-24 22:07:20,301  INFO [main] nopCommerceSDET:174 - ********* Saving customer details **************
2019-09-24 22:07:24,646  INFO [main] nopCommerceSDET:113 - ************* cloding browser *****************
2019-09-24 22:07:27,888  INFO [main] nopCommerceSDET:62 - ************* Launching Browser *****************
2019-09-24 22:07:27,890  INFO [main] nopCommerceSDET:68 - ************* Opening URL  *****************
2019-09-24 22:07:31,890  INFO [main] nopCommerceSDET:75 - ************* Prvding user and password *****************
2019-09-24 22:07:32,340  INFO [main] nopCommerceSDET:82 - ************* click on login *****************
2019-09-24 22:07:38,918  INFO [main] nopCommerceSDET:97 - ************* Login Passed *****************
2019-09-24 22:07:42,037  INFO [main] nopCommerceSDET:106 - ************* clciking on logout *****************
2019-09-24 22:07:46,555  INFO [main] nopCommerceSDET:97 - ************* Login Passed *****************
2019-09-24 22:07:49,582  INFO [main] nopCommerceSDET:113 - ************* cloding browser *****************
2019-09-24 22:11:20,734  INFO [main] nopCommerceSDET:62 - ************* Launching Browser *****************
2019-09-24 22:11:20,779  INFO [main] nopCommerceSDET:68 - ************* Opening URL  *****************
2019-09-24 22:11:24,655  INFO [main] nopCommerceSDET:75 - ************* Prvding user and password *****************
2019-09-24 22:11:25,030  INFO [main] nopCommerceSDET:82 - ************* click on login *****************
2019-09-24 22:11:31,080  INFO [main] nopCommerceSDET:123 - ********* Verifying Dashboad page title after login successful **************
2019-09-24 22:11:34,105  INFO [main] nopCommerceSDET:130 - ********* Clicking on customer main menu **************
2019-09-24 22:11:36,208  INFO [main] nopCommerceSDET:137 - ********* Clicking on customer sub menu **************
2019-09-24 22:11:49,406  INFO [main] nopCommerceSDET:174 - ********* Saving customer details **************
2019-09-24 22:11:53,593  INFO [main] nopCommerceSDET:113 - ************* cloding browser *****************
2019-09-24 22:11:56,891  INFO [main] nopCommerceSDET:62 - ************* Launching Browser *****************
2019-09-24 22:11:56,893  INFO [main] nopCommerceSDET:68 - ************* Opening URL  *****************
2019-09-24 22:12:00,762  INFO [main] nopCommerceSDET:75 - ************* Prvding user and password *****************
2019-09-24 22:12:01,181  INFO [main] nopCommerceSDET:82 - ************* click on login *****************
2019-09-24 22:12:07,503  INFO [main] nopCommerceSDET:97 - ************* Login Passed *****************
2019-09-24 22:12:10,523  INFO [main] nopCommerceSDET:106 - ************* clciking on logout *****************
2019-09-24 22:12:15,036  INFO [main] nopCommerceSDET:97 - ************* Login Passed *****************
2019-09-24 22:12:18,051  INFO [main] nopCommerceSDET:113 - ************* cloding browser *****************
2020-10-20 20:26:07,995  INFO [main] nopCommerceSDET:62 - ************* Launching Browser *****************
2020-10-20 20:26:08,022  INFO [main] nopCommerceSDET:68 - ************* Opening URL  *****************
2020-10-20 20:26:12,007  INFO [main] nopCommerceSDET:75 - ************* Prvding user and password *****************
2020-10-20 20:26:12,214  INFO [main] nopCommerceSDET:82 - ************* click on login *****************
2020-10-20 20:26:19,823  INFO [main] nopCommerceSDET:123 - ********* Verifying Dashboad page title after login successful **************
2020-10-20 20:26:22,844  INFO [main] nopCommerceSDET:130 - ********* Clicking on customer main menu **************
2020-10-20 20:26:24,908  INFO [main] nopCommerceSDET:137 - ********* Clicking on customer sub menu **************
2020-10-20 20:26:35,729  INFO [main] nopCommerceSDET:174 - ********* Saving customer details **************
2020-10-20 20:26:40,506  INFO [main] nopCommerceSDET:113 - ************* cloding browser *****************
2020-10-20 20:26:44,194  INFO [main] nopCommerceSDET:62 - ************* Launching Browser *****************
2020-10-20 20:26:44,196  INFO [main] nopCommerceSDET:68 - ************* Opening URL  *****************
2020-10-20 20:26:47,854  INFO [main] nopCommerceSDET:75 - ************* Prvding user and password *****************
2020-10-20 20:26:48,059  INFO [main] nopCommerceSDET:82 - ************* click on login *****************
2020-10-20 20:26:51,983  INFO [main] nopCommerceSDET:97 - ************* Login Passed *****************
2020-10-20 20:26:54,993  INFO [main] nopCommerceSDET:106 - ************* clciking on logout *****************
2020-10-20 20:26:59,188  INFO [main] nopCommerceSDET:97 - ************* Login Passed *****************
2020-10-20 20:27:02,196  INFO [main] nopCommerceSDET:113 - ************* cloding browser *****************
2020-10-20 20:59:53,459  INFO [main] nopCommerceSDET:62 - ************* Launching Browser *****************
2020-10-20 20:59:53,482  INFO [main] nopCommerceSDET:68 - ************* Opening URL  *****************
2020-10-20 20:59:57,155  INFO [main] nopCommerceSDET:75 - ************* Prvding user and password *****************
2020-10-20 20:59:57,366  INFO [main] nopCommerceSDET:82 - ************* click on login *****************
2020-10-20 21:00:02,063  INFO [main] nopCommerceSDET:123 - ********* Verifying Dashboad page title after login successful **************
2020-10-20 21:00:05,138  INFO [main] nopCommerceSDET:130 - ********* Clicking on customer main menu **************
2020-10-20 21:00:07,203  INFO [main] nopCommerceSDET:137 - ********* Clicking on customer sub menu **************
2020-10-20 21:00:20,274  INFO [main] nopCommerceSDET:174 - ********* Saving customer details **************
2020-10-20 21:00:25,361  INFO [main] nopCommerceSDET:113 - ************* cloding browser *****************
2020-10-20 21:00:29,052  INFO [main] nopCommerceSDET:62 - ************* Launching Browser *****************
2020-10-20 21:00:29,053  INFO [main] nopCommerceSDET:68 - ************* Opening URL  *****************
2020-10-20 21:00:32,806  INFO [main] nopCommerceSDET:75 - ************* Prvding user and password *****************
2020-10-20 21:00:33,047  INFO [main] nopCommerceSDET:82 - ************* click on login *****************
2020-10-20 21:00:37,532  INFO [main] nopCommerceSDET:123 - ********* Verifying Dashboad page title after login successful **************
2020-10-20 21:00:40,544  INFO [main] nopCommerceSDET:130 - ********* Clicking on customer main menu **************
2020-10-20 21:00:42,607  INFO [main] nopCommerceSDET:137 - ********* Clicking on customer sub menu **************
2020-10-20 21:00:45,075  INFO [main] nopCommerceSDET:189 - ********* Searching customer details by Email **************
2020-10-20 21:00:48,300  INFO [main] nopCommerceSDET:113 - ************* cloding browser *****************
2020-10-20 21:00:51,979  INFO [main] nopCommerceSDET:62 - ************* Launching Browser *****************
2020-10-20 21:00:51,980  INFO [main] nopCommerceSDET:68 - ************* Opening URL  *****************
2020-10-20 21:00:55,772  INFO [main] nopCommerceSDET:75 - ************* Prvding user and password *****************
2020-10-20 21:00:56,001  INFO [main] nopCommerceSDET:82 - ************* click on login *****************
2020-10-20 21:01:00,490  INFO [main] nopCommerceSDET:123 - ********* Verifying Dashboad page title after login successful **************
2020-10-20 21:01:03,501  INFO [main] nopCommerceSDET:130 - ********* Clicking on customer main menu **************
2020-10-20 21:01:05,564  INFO [main] nopCommerceSDET:137 - ********* Clicking on customer sub menu **************
2020-10-20 21:01:07,989  INFO [main] nopCommerceSDET:208 - ********* Searching customer details by Name **************
2020-10-20 21:01:11,277  INFO [main] nopCommerceSDET:113 - ************* cloding browser *****************
2020-10-20 21:01:15,041  INFO [main] nopCommerceSDET:62 - ************* Launching Browser *****************
2020-10-20 21:01:15,042  INFO [main] nopCommerceSDET:68 - ************* Opening URL  *****************
2020-10-20 21:01:18,702  INFO [main] nopCommerceSDET:75 - ************* Prvding user and password *****************
2020-10-20 21:01:18,896  INFO [main] nopCommerceSDET:82 - ************* click on login *****************
2020-10-20 21:01:23,026  INFO [main] nopCommerceSDET:97 - ************* Login Passed *****************
2020-10-20 21:01:26,035  INFO [main] nopCommerceSDET:106 - ************* clciking on logout *****************
2020-10-20 21:01:30,218  INFO [main] nopCommerceSDET:97 - ************* Login Passed *****************
2020-10-20 21:01:33,229  INFO [main] nopCommerceSDET:113 - ************* cloding browser *****************
2020-10-20 21:01:37,017  INFO [main] nopCommerceSDET:62 - ************* Launching Browser *****************
2020-10-20 21:01:37,017  INFO [main] nopCommerceSDET:68 - ************* Opening URL  *****************
2020-10-20 21:01:40,143  INFO [main] nopCommerceSDET:75 - ************* Prvding user and password *****************
2020-10-20 21:01:40,325  INFO [main] nopCommerceSDET:82 - ************* click on login *****************
2020-10-20 21:01:43,334  INFO [main] nopCommerceSDET:97 - ************* Login Passed *****************
2020-10-20 21:01:46,341  INFO [main] nopCommerceSDET:106 - ************* clciking on logout *****************
2020-10-20 21:01:50,515  INFO [main] nopCommerceSDET:97 - ************* Login Passed *****************
2020-10-20 21:01:53,524  INFO [main] nopCommerceSDET:113 - ************* cloding browser *****************
2020-10-20 21:01:57,228  INFO [main] nopCommerceSDET:62 - ************* Launching Browser *****************
2020-10-20 21:01:57,229  INFO [main] nopCommerceSDET:68 - ************* Opening URL  *****************
2020-10-20 21:02:00,918  INFO [main] nopCommerceSDET:75 - ************* Prvding user and password *****************
2020-10-20 21:02:01,125  INFO [main] nopCommerceSDET:82 - ************* click on login *****************
2020-10-20 21:02:02,329  INFO [main] nopCommerceSDET:91 - ************* Login failed *****************
2020-10-20 21:22:18,513  INFO [main] nopCommerceSDET:64 - ************* Launching Browser *****************
2020-10-20 21:22:18,530  INFO [main] nopCommerceSDET:70 - ************* Opening URL  *****************
2020-10-20 21:22:22,277  INFO [main] nopCommerceSDET:77 - ************* Prvding user and password *****************
2020-10-20 21:22:22,502  INFO [main] nopCommerceSDET:84 - ************* click on login *****************
2020-10-20 21:22:27,051  INFO [main] nopCommerceSDET:125 - ********* Verifying Dashboad page title after login successful **************
2020-10-20 21:22:30,065  INFO [main] nopCommerceSDET:132 - ********* Clicking on customer main menu **************
2020-10-20 21:22:32,126  INFO [main] nopCommerceSDET:139 - ********* Clicking on customer sub menu **************
2020-10-20 21:22:45,079  INFO [main] nopCommerceSDET:176 - ********* Saving customer details **************
2020-10-20 21:22:50,470  INFO [main] nopCommerceSDET:115 - ************* cloding browser *****************
2020-10-20 21:22:54,191  INFO [main] nopCommerceSDET:64 - ************* Launching Browser *****************
2020-10-20 21:22:54,192  INFO [main] nopCommerceSDET:70 - ************* Opening URL  *****************
2020-10-20 21:22:57,844  INFO [main] nopCommerceSDET:77 - ************* Prvding user and password *****************
2020-10-20 21:22:58,041  INFO [main] nopCommerceSDET:84 - ************* click on login *****************
2020-10-20 21:23:02,756  INFO [main] nopCommerceSDET:125 - ********* Verifying Dashboad page title after login successful **************
2020-10-20 21:23:05,766  INFO [main] nopCommerceSDET:132 - ********* Clicking on customer main menu **************
2020-10-20 21:23:07,827  INFO [main] nopCommerceSDET:139 - ********* Clicking on customer sub menu **************
2020-10-20 21:23:09,692  INFO [main] nopCommerceSDET:191 - ********* Searching customer details by Email **************
2020-10-20 21:23:12,950  INFO [main] nopCommerceSDET:115 - ************* cloding browser *****************
2020-10-20 21:23:16,637  INFO [main] nopCommerceSDET:64 - ************* Launching Browser *****************
2020-10-20 21:23:16,639  INFO [main] nopCommerceSDET:70 - ************* Opening URL  *****************
2020-10-20 21:23:20,353  INFO [main] nopCommerceSDET:77 - ************* Prvding user and password *****************
2020-10-20 21:23:20,549  INFO [main] nopCommerceSDET:84 - ************* click on login *****************
2020-10-20 21:23:25,340  INFO [main] nopCommerceSDET:125 - ********* Verifying Dashboad page title after login successful **************
2020-10-20 21:23:28,351  INFO [main] nopCommerceSDET:132 - ********* Clicking on customer main menu **************
2020-10-20 21:23:30,414  INFO [main] nopCommerceSDET:139 - ********* Clicking on customer sub menu **************
2020-10-20 21:23:31,419  INFO [main] nopCommerceSDET:210 - ********* Searching customer details by Name **************
2020-10-20 21:23:34,704  INFO [main] nopCommerceSDET:115 - ************* cloding browser *****************
2020-10-20 21:23:38,395  INFO [main] nopCommerceSDET:64 - ************* Launching Browser *****************
2020-10-20 21:23:38,397  INFO [main] nopCommerceSDET:70 - ************* Opening URL  *****************
2020-10-20 21:23:41,437  INFO [main] nopCommerceSDET:77 - ************* Prvding user and password *****************
2020-10-20 21:23:41,620  INFO [main] nopCommerceSDET:84 - ************* click on login *****************
2020-10-20 21:23:44,966  INFO [main] nopCommerceSDET:99 - ************* Login Passed *****************
2020-10-20 21:23:47,976  INFO [main] nopCommerceSDET:108 - ************* clciking on logout *****************
2020-10-20 21:23:52,124  INFO [main] nopCommerceSDET:99 - ************* Login Passed *****************
2020-10-20 21:23:55,132  INFO [main] nopCommerceSDET:115 - ************* cloding browser *****************
2020-10-20 21:23:58,822  INFO [main] nopCommerceSDET:64 - ************* Launching Browser *****************
2020-10-20 21:23:58,824  INFO [main] nopCommerceSDET:70 - ************* Opening URL  *****************
2020-10-20 21:24:02,752  INFO [main] nopCommerceSDET:77 - ************* Prvding user and password *****************
2020-10-20 21:24:02,952  INFO [main] nopCommerceSDET:84 - ************* click on login *****************
2020-10-20 21:24:07,718  INFO [main] nopCommerceSDET:99 - ************* Login Passed *****************
2020-10-20 21:24:10,748  INFO [main] nopCommerceSDET:108 - ************* clciking on logout *****************
2020-10-20 21:24:14,940  INFO [main] nopCommerceSDET:99 - ************* Login Passed *****************
2020-10-20 21:24:17,949  INFO [main] nopCommerceSDET:115 - ************* cloding browser *****************
2020-10-20 21:24:21,631  INFO [main] nopCommerceSDET:64 - ************* Launching Browser *****************
2020-10-20 21:24:21,632  INFO [main] nopCommerceSDET:70 - ************* Opening URL  *****************
2020-10-20 21:24:25,350  INFO [main] nopCommerceSDET:77 - ************* Prvding user and password *****************
2020-10-20 21:24:25,546  INFO [main] nopCommerceSDET:84 - ************* click on login *****************
2020-10-20 21:24:26,640  INFO [main] nopCommerceSDET:93 - ************* Login failed *****************
2020-10-20 21:33:34,621  INFO [main] nopCommerceSDET:64 - ************* Launching Browser *****************
2020-10-20 21:33:34,639  INFO [main] nopCommerceSDET:70 - ************* Opening URL  *****************
2020-10-20 21:33:38,569  INFO [main] nopCommerceSDET:77 - ************* Prvding user and password *****************
2020-10-20 21:33:38,792  INFO [main] nopCommerceSDET:84 - ************* click on login *****************
2020-10-20 21:33:43,247  INFO [main] nopCommerceSDET:126 - ********* Verifying Dashboad page title after login successful **************
2020-10-20 21:33:46,259  INFO [main] nopCommerceSDET:133 - ********* Clicking on customer main menu **************
2020-10-20 21:33:48,322  INFO [main] nopCommerceSDET:140 - ********* Clicking on customer sub menu **************
2020-10-20 21:34:01,209  INFO [main] nopCommerceSDET:177 - ********* Saving customer details **************
2020-10-20 21:34:04,667  INFO [main] nopCommerceSDET:116 - ************* cloding browser *****************
2020-10-20 21:34:08,356  INFO [main] nopCommerceSDET:64 - ************* Launching Browser *****************
2020-10-20 21:34:08,357  INFO [main] nopCommerceSDET:70 - ************* Opening URL  *****************
2020-10-20 21:34:12,035  INFO [main] nopCommerceSDET:77 - ************* Prvding user and password *****************
2020-10-20 21:34:12,234  INFO [main] nopCommerceSDET:84 - ************* click on login *****************
2020-10-20 21:34:16,145  INFO [main] nopCommerceSDET:126 - ********* Verifying Dashboad page title after login successful **************
2020-10-20 21:34:19,159  INFO [main] nopCommerceSDET:133 - ********* Clicking on customer main menu **************
2020-10-20 21:34:21,225  INFO [main] nopCommerceSDET:140 - ********* Clicking on customer sub menu **************
2020-10-20 21:34:23,623  INFO [main] nopCommerceSDET:192 - ********* Searching customer details by Email **************
2020-10-20 21:34:26,854  INFO [main] nopCommerceSDET:116 - ************* cloding browser *****************
2020-10-20 21:34:30,526  INFO [main] nopCommerceSDET:64 - ************* Launching Browser *****************
2020-10-20 21:34:30,527  INFO [main] nopCommerceSDET:70 - ************* Opening URL  *****************
2020-10-20 21:34:34,186  INFO [main] nopCommerceSDET:77 - ************* Prvding user and password *****************
2020-10-20 21:34:34,392  INFO [main] nopCommerceSDET:84 - ************* click on login *****************
2020-10-20 21:34:38,467  INFO [main] nopCommerceSDET:126 - ********* Verifying Dashboad page title after login successful **************
2020-10-20 21:34:41,473  INFO [main] nopCommerceSDET:133 - ********* Clicking on customer main menu **************
2020-10-20 21:34:43,534  INFO [main] nopCommerceSDET:140 - ********* Clicking on customer sub menu **************
2020-10-20 21:34:45,954  INFO [main] nopCommerceSDET:211 - ********* Searching customer details by Name **************
2020-10-20 21:34:49,246  INFO [main] nopCommerceSDET:116 - ************* cloding browser *****************
2020-10-20 21:34:52,936  INFO [main] nopCommerceSDET:64 - ************* Launching Browser *****************
2020-10-20 21:34:52,937  INFO [main] nopCommerceSDET:70 - ************* Opening URL  *****************
2020-10-20 21:34:56,587  INFO [main] nopCommerceSDET:77 - ************* Prvding user and password *****************
2020-10-20 21:34:56,786  INFO [main] nopCommerceSDET:84 - ************* click on login *****************
2020-10-20 21:35:00,044  INFO [main] nopCommerceSDET:100 - ************* Login Passed *****************
2020-10-20 21:35:03,055  INFO [main] nopCommerceSDET:109 - ************* clciking on logout *****************
2020-10-20 21:35:07,280  INFO [main] nopCommerceSDET:100 - ************* Login Passed *****************
2020-10-20 21:35:10,288  INFO [main] nopCommerceSDET:116 - ************* cloding browser *****************
2020-10-20 21:35:13,981  INFO [main] nopCommerceSDET:64 - ************* Launching Browser *****************
2020-10-20 21:35:13,982  INFO [main] nopCommerceSDET:70 - ************* Opening URL  *****************
2020-10-20 21:35:17,024  INFO [main] nopCommerceSDET:77 - ************* Prvding user and password *****************
2020-10-20 21:35:17,221  INFO [main] nopCommerceSDET:84 - ************* click on login *****************
2020-10-20 21:35:19,962  INFO [main] nopCommerceSDET:100 - ************* Login Passed *****************
2020-10-20 21:35:22,969  INFO [main] nopCommerceSDET:109 - ************* clciking on logout *****************
2020-10-20 21:35:27,183  INFO [main] nopCommerceSDET:100 - ************* Login Passed *****************
2020-10-20 21:35:30,193  INFO [main] nopCommerceSDET:116 - ************* cloding browser *****************
2020-10-20 21:35:33,868  INFO [main] nopCommerceSDET:64 - ************* Launching Browser *****************
2020-10-20 21:35:33,870  INFO [main] nopCommerceSDET:70 - ************* Opening URL  *****************
2020-10-20 21:35:37,382  INFO [main] nopCommerceSDET:77 - ************* Prvding user and password *****************
2020-10-20 21:35:37,573  INFO [main] nopCommerceSDET:84 - ************* click on login *****************
2020-10-20 21:35:38,646  INFO [main] nopCommerceSDET:93 - ************* Login failed *****************
2020-11-08 01:33:37,999  INFO [main] nopCommerceSDET:64 - ************* Launching Browser *****************
2020-11-08 01:33:38,016  INFO [main] nopCommerceSDET:70 - ************* Opening URL  *****************
2020-11-08 01:33:42,920  INFO [main] nopCommerceSDET:77 - ************* Prvding user and password *****************
2020-11-08 01:33:43,165  INFO [main] nopCommerceSDET:84 - ************* click on login *****************
2020-11-08 01:33:47,847  INFO [main] nopCommerceSDET:126 - ********* Verifying Dashboad page title after login successful **************
2020-11-08 01:33:50,864  INFO [main] nopCommerceSDET:133 - ********* Clicking on customer main menu **************
2020-11-08 01:33:52,928  INFO [main] nopCommerceSDET:140 - ********* Clicking on customer sub menu **************
2020-11-08 01:34:08,108  INFO [main] nopCommerceSDET:177 - ********* Saving customer details **************
2020-11-08 01:34:13,594  INFO [main] nopCommerceSDET:116 - ************* cloding browser *****************
2020-11-08 01:34:17,300  INFO [main] nopCommerceSDET:64 - ************* Launching Browser *****************
2020-11-08 01:34:17,301  INFO [main] nopCommerceSDET:70 - ************* Opening URL  *****************
2020-11-08 01:34:20,334  INFO [main] nopCommerceSDET:77 - ************* Prvding user and password *****************
2020-11-08 01:34:20,553  INFO [main] nopCommerceSDET:84 - ************* click on login *****************
2020-11-08 01:34:24,626  INFO [main] nopCommerceSDET:126 - ********* Verifying Dashboad page title after login successful **************
2020-11-08 01:34:27,651  INFO [main] nopCommerceSDET:133 - ********* Clicking on customer main menu **************
2020-11-08 01:34:29,720  INFO [main] nopCommerceSDET:140 - ********* Clicking on customer sub menu **************
2020-11-08 01:34:30,630  INFO [main] nopCommerceSDET:192 - ********* Searching customer details by Email **************
2020-11-08 01:34:33,848  INFO [main] nopCommerceSDET:116 - ************* cloding browser *****************
2020-11-08 01:34:37,547  INFO [main] nopCommerceSDET:64 - ************* Launching Browser *****************
2020-11-08 01:34:37,549  INFO [main] nopCommerceSDET:70 - ************* Opening URL  *****************
2020-11-08 01:34:41,222  INFO [main] nopCommerceSDET:77 - ************* Prvding user and password *****************
2020-11-08 01:34:41,432  INFO [main] nopCommerceSDET:84 - ************* click on login *****************
2020-11-08 01:34:45,210  INFO [main] nopCommerceSDET:126 - ********* Verifying Dashboad page title after login successful **************
2020-11-08 01:34:48,221  INFO [main] nopCommerceSDET:133 - ********* Clicking on customer main menu **************
2020-11-08 01:34:50,284  INFO [main] nopCommerceSDET:140 - ********* Clicking on customer sub menu **************
2020-11-08 01:34:52,745  INFO [main] nopCommerceSDET:211 - ********* Searching customer details by Name **************
2020-11-08 01:34:56,039  INFO [main] nopCommerceSDET:116 - ************* cloding browser *****************
2020-11-08 01:34:59,715  INFO [main] nopCommerceSDET:64 - ************* Launching Browser *****************
2020-11-08 01:34:59,717  INFO [main] nopCommerceSDET:70 - ************* Opening URL  *****************
2020-11-08 01:35:02,765  INFO [main] nopCommerceSDET:77 - ************* Prvding user and password *****************
2020-11-08 01:35:02,961  INFO [main] nopCommerceSDET:84 - ************* click on login *****************
2020-11-08 01:35:07,326  INFO [main] nopCommerceSDET:100 - ************* Login Passed *****************
2020-11-08 01:35:10,334  INFO [main] nopCommerceSDET:109 - ************* clciking on logout *****************
2020-11-08 01:35:14,413  INFO [main] nopCommerceSDET:100 - ************* Login Passed *****************
2020-11-08 01:35:17,419  INFO [main] nopCommerceSDET:116 - ************* cloding browser *****************
2020-11-08 01:35:21,198  INFO [main] nopCommerceSDET:64 - ************* Launching Browser *****************
2020-11-08 01:35:21,200  INFO [main] nopCommerceSDET:70 - ************* Opening URL  *****************
2020-11-08 01:35:24,233  INFO [main] nopCommerceSDET:77 - ************* Prvding user and password *****************
2020-11-08 01:35:24,432  INFO [main] nopCommerceSDET:84 - ************* click on login *****************
2020-11-08 01:35:28,378  INFO [main] nopCommerceSDET:100 - ************* Login Passed *****************
2020-11-08 01:35:31,389  INFO [main] nopCommerceSDET:109 - ************* clciking on logout *****************
2020-11-08 01:35:36,079  INFO [main] nopCommerceSDET:100 - ************* Login Passed *****************
2020-11-08 01:35:39,085  INFO [main] nopCommerceSDET:116 - ************* cloding browser *****************
2020-11-08 01:35:42,772  INFO [main] nopCommerceSDET:64 - ************* Launching Browser *****************
2020-11-08 01:35:42,773  INFO [main] nopCommerceSDET:70 - ************* Opening URL  *****************
2020-11-08 01:35:45,883  INFO [main] nopCommerceSDET:77 - ************* Prvding user and password *****************
2020-11-08 01:35:46,097  INFO [main] nopCommerceSDET:84 - ************* click on login *****************
2020-11-08 01:35:47,192  INFO [main] nopCommerceSDET:93 - ************* Login failed *****************
2020-11-09 00:08:03,355  INFO [main] nopCommerceSDET:64 - ************* Launching Browser *****************
2020-11-09 00:08:03,375  INFO [main] nopCommerceSDET:70 - ************* Opening URL  *****************
2020-11-09 00:08:08,185  INFO [main] nopCommerceSDET:77 - ************* Prvding user and password *****************
2020-11-09 00:08:08,425  INFO [main] nopCommerceSDET:84 - ************* click on login *****************
2020-11-09 00:08:19,282  INFO [main] nopCommerceSDET:126 - ********* Verifying Dashboad page title after login successful **************
2020-11-09 00:08:22,298  INFO [main] nopCommerceSDET:133 - ********* Clicking on customer main menu **************
2020-11-09 00:08:24,379  INFO [main] nopCommerceSDET:140 - ********* Clicking on customer sub menu **************
2020-11-09 00:08:38,099  INFO [main] nopCommerceSDET:177 - ********* Saving customer details **************
2020-11-09 00:08:43,393  INFO [main] nopCommerceSDET:116 - ************* cloding browser *****************
2020-11-09 00:08:47,194  INFO [main] nopCommerceSDET:64 - ************* Launching Browser *****************
2020-11-09 00:08:47,196  INFO [main] nopCommerceSDET:70 - ************* Opening URL  *****************
2020-11-09 00:08:51,020  INFO [main] nopCommerceSDET:77 - ************* Prvding user and password *****************
2020-11-09 00:08:51,249  INFO [main] nopCommerceSDET:84 - ************* click on login *****************
2020-11-09 00:09:00,000  INFO [main] nopCommerceSDET:126 - ********* Verifying Dashboad page title after login successful **************
2020-11-09 00:09:03,021  INFO [main] nopCommerceSDET:133 - ********* Clicking on customer main menu **************
2020-11-09 00:09:05,102  INFO [main] nopCommerceSDET:140 - ********* Clicking on customer sub menu **************
2020-11-09 00:09:07,893  INFO [main] nopCommerceSDET:192 - ********* Searching customer details by Email **************
2020-11-09 00:09:11,166  INFO [main] nopCommerceSDET:116 - ************* cloding browser *****************
2020-11-09 00:09:14,911  INFO [main] nopCommerceSDET:64 - ************* Launching Browser *****************
2020-11-09 00:09:14,913  INFO [main] nopCommerceSDET:70 - ************* Opening URL  *****************
2020-11-09 00:09:18,757  INFO [main] nopCommerceSDET:77 - ************* Prvding user and password *****************
2020-11-09 00:09:18,984  INFO [main] nopCommerceSDET:84 - ************* click on login *****************
2020-11-09 00:09:27,115  INFO [main] nopCommerceSDET:126 - ********* Verifying Dashboad page title after login successful **************
2020-11-09 00:09:30,132  INFO [main] nopCommerceSDET:133 - ********* Clicking on customer main menu **************
2020-11-09 00:09:32,215  INFO [main] nopCommerceSDET:140 - ********* Clicking on customer sub menu **************
2020-11-09 00:09:33,316  INFO [main] nopCommerceSDET:211 - ********* Searching customer details by Name **************
2020-11-09 00:09:36,856  INFO [main] nopCommerceSDET:116 - ************* cloding browser *****************
2020-11-09 00:09:40,603  INFO [main] nopCommerceSDET:64 - ************* Launching Browser *****************
2020-11-09 00:09:40,605  INFO [main] nopCommerceSDET:70 - ************* Opening URL  *****************
2020-11-09 00:09:45,932  INFO [main] nopCommerceSDET:77 - ************* Prvding user and password *****************
2020-11-09 00:09:46,184  INFO [main] nopCommerceSDET:84 - ************* click on login *****************
2020-11-09 00:09:57,177  INFO [main] nopCommerceSDET:100 - ************* Login Passed *****************
2020-11-09 00:10:00,186  INFO [main] nopCommerceSDET:109 - ************* clciking on logout *****************
2020-11-09 00:10:05,708  INFO [main] nopCommerceSDET:100 - ************* Login Passed *****************
2020-11-09 00:10:08,720  INFO [main] nopCommerceSDET:116 - ************* cloding browser *****************
2020-11-09 00:10:12,485  INFO [main] nopCommerceSDET:64 - ************* Launching Browser *****************
2020-11-09 00:10:12,486  INFO [main] nopCommerceSDET:70 - ************* Opening URL  *****************
2020-11-09 00:10:27,984  INFO [main] nopCommerceSDET:77 - ************* Prvding user and password *****************
2020-11-09 00:10:28,247  INFO [main] nopCommerceSDET:84 - ************* click on login *****************
2020-11-09 00:10:57,230  INFO [main] nopCommerceSDET:100 - ************* Login Passed *****************
2020-11-09 00:11:00,243  INFO [main] nopCommerceSDET:109 - ************* clciking on logout *****************
2020-11-09 00:11:08,042  INFO [main] nopCommerceSDET:100 - ************* Login Passed *****************
2020-11-09 00:11:11,056  INFO [main] nopCommerceSDET:116 - ************* cloding browser *****************
2020-11-09 00:11:14,818  INFO [main] nopCommerceSDET:64 - ************* Launching Browser *****************
2020-11-09 00:11:14,819  INFO [main] nopCommerceSDET:70 - ************* Opening URL  *****************
2020-11-09 00:11:18,445  INFO [main] nopCommerceSDET:77 - ************* Prvding user and password *****************
2020-11-09 00:11:18,706  INFO [main] nopCommerceSDET:84 - ************* click on login *****************
2020-11-09 00:11:20,137  INFO [main] nopCommerceSDET:93 - ************* Login failed *****************
